<?xml version="1.0" encoding="UTF-8"?>
<coverage generated="1749958602">
  <project timestamp="1749958602" name="Clover Coverage">
    <package name="Revolution\Laravel\Mixins\Str">
      <file name="/home/runner/work/laravel-str-mixins/laravel-str-mixins/src/Str/Kana.php">
        <class name="Revolution\Laravel\Mixins\Str\Kana" namespace="Revolution\Laravel\Mixins\Str">
          <metrics complexity="1" methods="1" coveredmethods="1" conditionals="0" coveredconditionals="0" statements="1" coveredstatements="1" elements="2" coveredelements="2"/>
        </class>
        <line num="9" type="method" name="__invoke" visibility="public" complexity="1" crap="1" count="3"/>
        <line num="11" type="stmt" count="3"/>
        <metrics loc="14" ncloc="14" classes="1" methods="1" coveredmethods="1" conditionals="0" coveredconditionals="0" statements="1" coveredstatements="1" elements="2" coveredelements="2"/>
      </file>
      <file name="/home/runner/work/laravel-str-mixins/laravel-str-mixins/src/Str/TextWrap.php">
        <class name="Revolution\Laravel\Mixins\Str\TextWrap" namespace="Revolution\Laravel\Mixins\Str">
          <metrics complexity="1" methods="1" coveredmethods="1" conditionals="0" coveredconditionals="0" statements="1" coveredstatements="1" elements="2" coveredelements="2"/>
        </class>
        <line num="9" type="method" name="__invoke" visibility="public" complexity="1" crap="1" count="2"/>
        <line num="11" type="stmt" count="2"/>
        <metrics loc="14" ncloc="14" classes="1" methods="1" coveredmethods="1" conditionals="0" coveredconditionals="0" statements="1" coveredstatements="1" elements="2" coveredelements="2"/>
      </file>
      <file name="/home/runner/work/laravel-str-mixins/laravel-str-mixins/src/Str/Truncate.php">
        <class name="Revolution\Laravel\Mixins\Str\Truncate" namespace="Revolution\Laravel\Mixins\Str">
          <metrics complexity="2" methods="1" coveredmethods="1" conditionals="0" coveredconditionals="0" statements="4" coveredstatements="4" elements="5" coveredelements="5"/>
        </class>
        <line num="9" type="method" name="__invoke" visibility="public" complexity="2" crap="2" count="2"/>
        <line num="11" type="stmt" count="2"/>
        <line num="13" type="stmt" count="2"/>
        <line num="14" type="stmt" count="1"/>
        <line num="17" type="stmt" count="2"/>
        <metrics loc="20" ncloc="20" classes="1" methods="1" coveredmethods="1" conditionals="0" coveredconditionals="0" statements="4" coveredstatements="4" elements="5" coveredelements="5"/>
      </file>
    </package>
    <package name="Revolution\Laravel\Mixins">
      <file name="/home/runner/work/laravel-str-mixins/laravel-str-mixins/src/StrMixinsServiceProvider.php">
        <class name="Revolution\Laravel\Mixins\StrMixinsServiceProvider" namespace="Revolution\Laravel\Mixins">
          <metrics complexity="1" methods="1" coveredmethods="1" conditionals="0" coveredconditionals="0" statements="4" coveredstatements="4" elements="5" coveredelements="5"/>
        </class>
        <line num="23" type="method" name="boot" visibility="public" complexity="1" crap="1" count="6"/>
        <line num="25" type="stmt" count="6"/>
        <line num="26" type="stmt" count="6"/>
        <line num="27" type="stmt" count="6"/>
        <line num="29" type="stmt" count="6"/>
        <metrics loc="32" ncloc="27" classes="1" methods="1" coveredmethods="1" conditionals="0" coveredconditionals="0" statements="4" coveredstatements="4" elements="5" coveredelements="5"/>
      </file>
    </package>
    <package name="Revolution\Laravel\Mixins\Stringable">
      <file name="/home/runner/work/laravel-str-mixins/laravel-str-mixins/src/Stringable/Japanese.php">
        <class name="Revolution\Laravel\Mixins\Stringable\Japanese" namespace="Revolution\Laravel\Mixins\Stringable">
          <metrics complexity="3" methods="3" coveredmethods="3" conditionals="0" coveredconditionals="0" statements="9" coveredstatements="9" elements="12" coveredelements="12"/>
        </class>
        <line num="13" type="method" name="kana" visibility="public" complexity="1" crap="1" count="6"/>
        <line num="15" type="stmt" count="6"/>
        <line num="16" type="stmt" count="2"/>
        <line num="17" type="stmt" count="6"/>
        <line num="20" type="method" name="textwrap" visibility="public" complexity="1" crap="1" count="6"/>
        <line num="22" type="stmt" count="6"/>
        <line num="23" type="stmt" count="1"/>
        <line num="24" type="stmt" count="6"/>
        <line num="27" type="method" name="truncate" visibility="public" complexity="1" crap="1" count="6"/>
        <line num="29" type="stmt" count="6"/>
        <line num="30" type="stmt" count="1"/>
        <line num="31" type="stmt" count="6"/>
        <metrics loc="34" ncloc="34" classes="1" methods="3" coveredmethods="3" conditionals="0" coveredconditionals="0" statements="9" coveredstatements="9" elements="12" coveredelements="12"/>
      </file>
    </package>
    <metrics files="5" loc="114" ncloc="109" classes="5" methods="7" coveredmethods="7" conditionals="0" coveredconditionals="0" statements="19" coveredstatements="19" elements="26" coveredelements="26"/>
  </project>
</coverage>
